<?xml version="1.0" encoding="UTF-8"?>
<testsuite xmlns:xsi="http://www.w3.org/2001/XMLSchema-instance" xsi:noNamespaceSchemaLocation="https://maven.apache.org/surefire/maven-surefire-plugin/xsd/surefire-test-report-3.0.xsd" version="3.0" name="com.sg.flooringmastery.service.FlooringMasteryServiceTest" time="0.1" tests="25" errors="0" skipped="0" failures="0">
  <properties>
    <property name="sun.desktop" value="windows"/>
    <property name="awt.toolkit" value="sun.awt.windows.WToolkit"/>
    <property name="java.specification.version" value="11"/>
    <property name="sun.cpu.isalist" value="amd64"/>
    <property name="sun.jnu.encoding" value="Cp1252"/>
    <property name="java.class.path" value="C:\Git Repository\java-mpls-0520-oop-mastery-benko024\FlooringMastery\target\test-classes;C:\Git Repository\java-mpls-0520-oop-mastery-benko024\FlooringMastery\target\classes;C:\Users\bkb\.m2\repository\org\springframework\spring-context\5.2.2.RELEASE\spring-context-5.2.2.RELEASE.jar;C:\Users\bkb\.m2\repository\org\springframework\spring-aop\5.2.2.RELEASE\spring-aop-5.2.2.RELEASE.jar;C:\Users\bkb\.m2\repository\org\springframework\spring-beans\5.2.2.RELEASE\spring-beans-5.2.2.RELEASE.jar;C:\Users\bkb\.m2\repository\org\springframework\spring-core\5.2.2.RELEASE\spring-core-5.2.2.RELEASE.jar;C:\Users\bkb\.m2\repository\org\springframework\spring-jcl\5.2.2.RELEASE\spring-jcl-5.2.2.RELEASE.jar;C:\Users\bkb\.m2\repository\org\springframework\spring-expression\5.2.2.RELEASE\spring-expression-5.2.2.RELEASE.jar;C:\Users\bkb\.m2\repository\org\junit\jupiter\junit-jupiter-api\5.3.1\junit-jupiter-api-5.3.1.jar;C:\Users\bkb\.m2\repository\org\apiguardian\apiguardian-api\1.0.0\apiguardian-api-1.0.0.jar;C:\Users\bkb\.m2\repository\org\opentest4j\opentest4j\1.1.1\opentest4j-1.1.1.jar;C:\Users\bkb\.m2\repository\org\junit\platform\junit-platform-commons\1.3.1\junit-platform-commons-1.3.1.jar;C:\Users\bkb\.m2\repository\org\junit\jupiter\junit-jupiter-params\5.3.1\junit-jupiter-params-5.3.1.jar;C:\Users\bkb\.m2\repository\org\junit\jupiter\junit-jupiter-engine\5.3.1\junit-jupiter-engine-5.3.1.jar;C:\Users\bkb\.m2\repository\org\junit\platform\junit-platform-engine\1.3.1\junit-platform-engine-1.3.1.jar;"/>
    <property name="java.vm.vendor" value="AdoptOpenJDK"/>
    <property name="sun.arch.data.model" value="64"/>
    <property name="user.variant" value=""/>
    <property name="java.vendor.url" value="https://adoptopenjdk.net/"/>
    <property name="user.timezone" value="America/Chicago"/>
    <property name="java.vm.specification.version" value="11"/>
    <property name="os.name" value="Windows 10"/>
    <property name="user.country" value="US"/>
    <property name="sun.java.launcher" value="SUN_STANDARD"/>
    <property name="sun.boot.library.path" value="C:\Program Files\AdoptOpenJDK\jdk-11.0.7.10-hotspot\bin"/>
    <property name="sun.java.command" value="C:\Users\bkb\AppData\Local\Temp\surefire17234825179425267088\surefirebooter11376463521997564852.jar C:\Users\bkb\AppData\Local\Temp\surefire17234825179425267088 2020-06-23T21-46-06_027-jvmRun1 surefire8850252767087221540tmp surefire_07665029320117246031tmp"/>
    <property name="jdk.debug" value="release"/>
    <property name="test" value="com.sg.flooringmastery.service.FlooringMasteryServiceTest"/>
    <property name="surefire.test.class.path" value="C:\Git Repository\java-mpls-0520-oop-mastery-benko024\FlooringMastery\target\test-classes;C:\Git Repository\java-mpls-0520-oop-mastery-benko024\FlooringMastery\target\classes;C:\Users\bkb\.m2\repository\org\springframework\spring-context\5.2.2.RELEASE\spring-context-5.2.2.RELEASE.jar;C:\Users\bkb\.m2\repository\org\springframework\spring-aop\5.2.2.RELEASE\spring-aop-5.2.2.RELEASE.jar;C:\Users\bkb\.m2\repository\org\springframework\spring-beans\5.2.2.RELEASE\spring-beans-5.2.2.RELEASE.jar;C:\Users\bkb\.m2\repository\org\springframework\spring-core\5.2.2.RELEASE\spring-core-5.2.2.RELEASE.jar;C:\Users\bkb\.m2\repository\org\springframework\spring-jcl\5.2.2.RELEASE\spring-jcl-5.2.2.RELEASE.jar;C:\Users\bkb\.m2\repository\org\springframework\spring-expression\5.2.2.RELEASE\spring-expression-5.2.2.RELEASE.jar;C:\Users\bkb\.m2\repository\org\junit\jupiter\junit-jupiter-api\5.3.1\junit-jupiter-api-5.3.1.jar;C:\Users\bkb\.m2\repository\org\apiguardian\apiguardian-api\1.0.0\apiguardian-api-1.0.0.jar;C:\Users\bkb\.m2\repository\org\opentest4j\opentest4j\1.1.1\opentest4j-1.1.1.jar;C:\Users\bkb\.m2\repository\org\junit\platform\junit-platform-commons\1.3.1\junit-platform-commons-1.3.1.jar;C:\Users\bkb\.m2\repository\org\junit\jupiter\junit-jupiter-params\5.3.1\junit-jupiter-params-5.3.1.jar;C:\Users\bkb\.m2\repository\org\junit\jupiter\junit-jupiter-engine\5.3.1\junit-jupiter-engine-5.3.1.jar;C:\Users\bkb\.m2\repository\org\junit\platform\junit-platform-engine\1.3.1\junit-platform-engine-1.3.1.jar;"/>
    <property name="sun.cpu.endian" value="little"/>
    <property name="user.home" value="C:\Users\bkb"/>
    <property name="user.language" value="en"/>
    <property name="java.specification.vendor" value="Oracle Corporation"/>
    <property name="java.version.date" value="2020-04-14"/>
    <property name="java.home" value="C:\Program Files\AdoptOpenJDK\jdk-11.0.7.10-hotspot"/>
    <property name="file.separator" value="\"/>
    <property name="basedir" value="C:\Git Repository\java-mpls-0520-oop-mastery-benko024\FlooringMastery"/>
    <property name="java.vm.compressedOopsMode" value="Zero based"/>
    <property name="line.separator" value="&#10;"/>
    <property name="java.specification.name" value="Java Platform API Specification"/>
    <property name="java.vm.specification.vendor" value="Oracle Corporation"/>
    <property name="java.awt.graphicsenv" value="sun.awt.Win32GraphicsEnvironment"/>
    <property name="surefire.real.class.path" value="C:\Users\bkb\AppData\Local\Temp\surefire17234825179425267088\surefirebooter11376463521997564852.jar"/>
    <property name="user.script" value=""/>
    <property name="sun.management.compiler" value="HotSpot 64-Bit Tiered Compilers"/>
    <property name="java.runtime.version" value="11.0.7+10"/>
    <property name="user.name" value="bkb"/>
    <property name="path.separator" value=";"/>
    <property name="os.version" value="10.0"/>
    <property name="java.runtime.name" value="OpenJDK Runtime Environment"/>
    <property name="file.encoding" value="UTF-8"/>
    <property name="java.vm.name" value="OpenJDK 64-Bit Server VM"/>
    <property name="java.vendor.version" value="AdoptOpenJDK"/>
    <property name="maven.ext.class.path" value="C:\Users\bkb\Desktop\netbeans\java\maven-nblib\netbeans-eventspy.jar"/>
    <property name="localRepository" value="C:\Users\bkb\.m2\repository"/>
    <property name="java.vendor.url.bug" value="https://github.com/AdoptOpenJDK/openjdk-support/issues"/>
    <property name="java.io.tmpdir" value="C:\Users\bkb\AppData\Local\Temp\"/>
    <property name="java.version" value="11.0.7"/>
    <property name="user.dir" value="C:\Git Repository\java-mpls-0520-oop-mastery-benko024\FlooringMastery"/>
    <property name="os.arch" value="amd64"/>
    <property name="java.vm.specification.name" value="Java Virtual Machine Specification"/>
    <property name="java.awt.printerjob" value="sun.awt.windows.WPrinterJob"/>
    <property name="sun.os.patch.level" value=""/>
    <property name="java.library.path" value="C:\Program Files\AdoptOpenJDK\jdk-11.0.7.10-hotspot\bin;C:\WINDOWS\Sun\Java\bin;C:\WINDOWS\system32;C:\WINDOWS;C:\Program Files\AdoptOpenJDK\jdk-11.0.7.10-hotspot\bin;C:\ProgramData\DockerDesktop\version-bin;C:\Program Files\Docker\Docker\Resources\bin;C:\WINDOWS\system32;C:\WINDOWS;C:\WINDOWS\System32\Wbem;C:\WINDOWS\System32\WindowsPowerShell\v1.0\;C:\Program Files\dotnet\;C:\Program Files\Microsoft SQL Server\130\Tools\Binn\;C:\WINDOWS\System32\OpenSSH\;C:\Program Files (x86)\Microsoft SQL Server\Client SDK\ODBC\130\Tools\Binn\;C:\Program Files (x86)\Microsoft SQL Server\140\Tools\Binn\;C:\Program Files (x86)\Microsoft SQL Server\140\DTS\Binn\;C:\Program Files (x86)\Microsoft SQL Server\140\Tools\Binn\ManagementStudio\;C:\Program Files\MySQL\MySQL Shell 8.0\bin\;C:\Users\bkb\AppData\Local\Microsoft\WindowsApps;C:\Users\bkb\AppData\Local\atom\bin;C:\Users\bkb\AppData\Local\GitHubDesktop\bin;C:\Users\bkb\AppData\Local\Programs\Git\cmd;C:\Users\bkb\AppData\Local\Microsoft\WindowsApps;;."/>
    <property name="java.vendor" value="AdoptOpenJDK"/>
    <property name="java.vm.info" value="mixed mode"/>
    <property name="java.vm.version" value="11.0.7+10"/>
    <property name="sun.io.unicode.encoding" value="UnicodeLittle"/>
    <property name="java.class.version" value="55.0"/>
  </properties>
  <testcase name="testAddOrderInvalidCustomerName" classname="com.sg.flooringmastery.service.FlooringMasteryServiceTest" time="0.057"/>
  <testcase name="testAddOrderAddDateInPast" classname="com.sg.flooringmastery.service.FlooringMasteryServiceTest" time="0.001"/>
  <testcase name="testGetOrderListGoldenPath" classname="com.sg.flooringmastery.service.FlooringMasteryServiceTest" time="0.004"/>
  <testcase name="testEditOrderNullProduct" classname="com.sg.flooringmastery.service.FlooringMasteryServiceTest" time="0.007"/>
  <testcase name="testAddOrderStateNotInList" classname="com.sg.flooringmastery.service.FlooringMasteryServiceTest" time="0.001"/>
  <testcase name="testAddOrderNullArea" classname="com.sg.flooringmastery.service.FlooringMasteryServiceTest" time="0"/>
  <testcase name="testAddOrderGoldenPath" classname="com.sg.flooringmastery.service.FlooringMasteryServiceTest" time="0.003"/>
  <testcase name="testAddOrderNullCustomerName" classname="com.sg.flooringmastery.service.FlooringMasteryServiceTest" time="0"/>
  <testcase name="testEditOrderNegativeArea" classname="com.sg.flooringmastery.service.FlooringMasteryServiceTest" time="0.001"/>
  <testcase name="testAddOrderEmptyName" classname="com.sg.flooringmastery.service.FlooringMasteryServiceTest" time="0"/>
  <testcase name="testEditOrderNullCustName" classname="com.sg.flooringmastery.service.FlooringMasteryServiceTest" time="0.001"/>
  <testcase name="testEditOrderGoldenPath" classname="com.sg.flooringmastery.service.FlooringMasteryServiceTest" time="0.001"/>
  <testcase name="testAddOrderAreaTooSmall" classname="com.sg.flooringmastery.service.FlooringMasteryServiceTest" time="0"/>
  <testcase name="testAddOrderNullProduct" classname="com.sg.flooringmastery.service.FlooringMasteryServiceTest" time="0"/>
  <testcase name="testAddOrderProductNotInList" classname="com.sg.flooringmastery.service.FlooringMasteryServiceTest" time="0.001"/>
  <testcase name="testGetOneOrderNullDate" classname="com.sg.flooringmastery.service.FlooringMasteryServiceTest" time="0.001"/>
  <testcase name="testGetOneOrderGoldenPath" classname="com.sg.flooringmastery.service.FlooringMasteryServiceTest" time="0"/>
  <testcase name="testEditOrderNullState" classname="com.sg.flooringmastery.service.FlooringMasteryServiceTest" time="0"/>
  <testcase name="testEditOrderInvalidProduct" classname="com.sg.flooringmastery.service.FlooringMasteryServiceTest" time="0.001"/>
  <testcase name="testEditOrderInvalidName" classname="com.sg.flooringmastery.service.FlooringMasteryServiceTest" time="0.001"/>
  <testcase name="testGetOneOrderInvalidOrderNum" classname="com.sg.flooringmastery.service.FlooringMasteryServiceTest" time="0"/>
  <testcase name="testEditOrderStateNotInList" classname="com.sg.flooringmastery.service.FlooringMasteryServiceTest" time="0"/>
  <testcase name="testDeleteOrderGoldenPath" classname="com.sg.flooringmastery.service.FlooringMasteryServiceTest" time="0.001"/>
  <testcase name="testEditOrderAreaTooSmall" classname="com.sg.flooringmastery.service.FlooringMasteryServiceTest" time="0"/>
  <testcase name="testAddOrderNullState" classname="com.sg.flooringmastery.service.FlooringMasteryServiceTest" time="0.001"/>
</testsuite>